mode: set
GoLang-Interns-2022/datastore/author/mysql.go:15.35,17.2 1 1
GoLang-Interns-2022/datastore/author/mysql.go:19.104,22.16 2 1
GoLang-Interns-2022/datastore/author/mysql.go:26.2,27.16 2 1
GoLang-Interns-2022/datastore/author/mysql.go:30.2,32.20 2 1
GoLang-Interns-2022/datastore/author/mysql.go:22.16,24.3 1 0
GoLang-Interns-2022/datastore/author/mysql.go:27.16,29.3 1 0
GoLang-Interns-2022/datastore/author/mysql.go:35.103,38.16 2 1
GoLang-Interns-2022/datastore/author/mysql.go:42.2,42.20 1 1
GoLang-Interns-2022/datastore/author/mysql.go:38.16,40.3 1 1
GoLang-Interns-2022/datastore/author/mysql.go:45.80,47.16 2 1
GoLang-Interns-2022/datastore/author/mysql.go:51.2,52.16 2 1
GoLang-Interns-2022/datastore/author/mysql.go:56.2,56.26 1 1
GoLang-Interns-2022/datastore/author/mysql.go:47.16,49.3 1 1
GoLang-Interns-2022/datastore/author/mysql.go:52.16,54.3 1 0
GoLang-Interns-2022/datastore/author/mysql.go:59.91,62.118 3 1
GoLang-Interns-2022/datastore/author/mysql.go:66.2,66.20 1 1
GoLang-Interns-2022/datastore/author/mysql.go:62.118,65.3 2 0
