mode: set
GoLang-Interns-2022/service/book/booksvc.go:17.62,19.2 1 1
GoLang-Interns-2022/service/book/booksvc.go:21.108,27.17 2 1
GoLang-Interns-2022/service/book/booksvc.go:38.2,38.29 1 1
GoLang-Interns-2022/service/book/booksvc.go:47.2,47.19 1 1
GoLang-Interns-2022/service/book/booksvc.go:27.17,29.17 2 1
GoLang-Interns-2022/service/book/booksvc.go:29.17,31.4 1 0
GoLang-Interns-2022/service/book/booksvc.go:32.8,34.17 2 1
GoLang-Interns-2022/service/book/booksvc.go:34.17,36.4 1 0
GoLang-Interns-2022/service/book/booksvc.go:38.29,39.24 1 1
GoLang-Interns-2022/service/book/booksvc.go:39.24,41.18 2 1
GoLang-Interns-2022/service/book/booksvc.go:44.4,44.28 1 1
GoLang-Interns-2022/service/book/booksvc.go:41.18,43.5 1 0
GoLang-Interns-2022/service/book/booksvc.go:50.82,51.13 1 1
GoLang-Interns-2022/service/book/booksvc.go:54.2,55.16 2 1
GoLang-Interns-2022/service/book/booksvc.go:58.2,58.18 1 1
GoLang-Interns-2022/service/book/booksvc.go:51.13,53.3 1 0
GoLang-Interns-2022/service/book/booksvc.go:55.16,57.3 1 0
GoLang-Interns-2022/service/book/booksvc.go:61.95,64.30 1 1
GoLang-Interns-2022/service/book/booksvc.go:68.2,69.16 2 1
GoLang-Interns-2022/service/book/booksvc.go:72.2,72.18 1 1
GoLang-Interns-2022/service/book/booksvc.go:64.30,67.3 1 0
GoLang-Interns-2022/service/book/booksvc.go:69.16,71.3 1 0
GoLang-Interns-2022/service/book/booksvc.go:75.94,78.30 1 1
GoLang-Interns-2022/service/book/booksvc.go:82.2,83.16 2 1
GoLang-Interns-2022/service/book/booksvc.go:86.2,86.18 1 1
GoLang-Interns-2022/service/book/booksvc.go:78.30,81.3 1 0
GoLang-Interns-2022/service/book/booksvc.go:83.16,85.3 1 0
GoLang-Interns-2022/service/book/booksvc.go:89.77,90.13 1 1
GoLang-Interns-2022/service/book/booksvc.go:93.2,94.16 2 1
GoLang-Interns-2022/service/book/booksvc.go:97.2,97.19 1 1
GoLang-Interns-2022/service/book/booksvc.go:90.13,92.3 1 1
GoLang-Interns-2022/service/book/booksvc.go:94.16,96.3 1 0
GoLang-Interns-2022/service/book/booksvc.go:100.47,106.9 5 1
GoLang-Interns-2022/service/book/booksvc.go:115.2,115.13 1 1
GoLang-Interns-2022/service/book/booksvc.go:107.35,108.15 1 0
GoLang-Interns-2022/service/book/booksvc.go:109.32,110.15 1 0
GoLang-Interns-2022/service/book/booksvc.go:111.28,112.15 1 0
GoLang-Interns-2022/service/book/booksvc.go:118.45,119.39 1 1
GoLang-Interns-2022/service/book/booksvc.go:120.17,121.14 1 0
GoLang-Interns-2022/service/book/booksvc.go:122.20,123.14 1 0
GoLang-Interns-2022/service/book/booksvc.go:124.17,125.14 1 1
GoLang-Interns-2022/service/book/booksvc.go:126.10,127.15 1 0
GoLang-Interns-2022/service/book/booksvc.go:131.32,132.15 1 1
GoLang-Interns-2022/service/book/booksvc.go:136.2,146.9 6 1
GoLang-Interns-2022/service/book/booksvc.go:155.2,155.13 1 1
GoLang-Interns-2022/service/book/booksvc.go:132.15,134.3 1 0
GoLang-Interns-2022/service/book/booksvc.go:147.16,148.15 1 0
GoLang-Interns-2022/service/book/booksvc.go:149.32,150.15 1 0
GoLang-Interns-2022/service/book/booksvc.go:151.28,152.15 1 0
