mode: set
GoLang-Interns-2022/service/book/booksvc.go:17.58,19.2 1 1
GoLang-Interns-2022/service/book/booksvc.go:21.104,27.17 2 1
GoLang-Interns-2022/service/book/booksvc.go:39.2,39.29 1 1
GoLang-Interns-2022/service/book/booksvc.go:50.2,50.19 1 1
GoLang-Interns-2022/service/book/booksvc.go:27.17,29.17 2 1
GoLang-Interns-2022/service/book/booksvc.go:29.17,31.4 1 0
GoLang-Interns-2022/service/book/booksvc.go:32.8,34.17 2 1
GoLang-Interns-2022/service/book/booksvc.go:34.17,36.4 1 0
GoLang-Interns-2022/service/book/booksvc.go:39.29,40.24 1 1
GoLang-Interns-2022/service/book/booksvc.go:40.24,42.18 2 1
GoLang-Interns-2022/service/book/booksvc.go:46.4,46.28 1 1
GoLang-Interns-2022/service/book/booksvc.go:42.18,44.5 1 0
GoLang-Interns-2022/service/book/booksvc.go:53.78,54.13 1 1
GoLang-Interns-2022/service/book/booksvc.go:58.2,59.16 2 1
GoLang-Interns-2022/service/book/booksvc.go:63.2,63.18 1 1
GoLang-Interns-2022/service/book/booksvc.go:54.13,56.3 1 0
GoLang-Interns-2022/service/book/booksvc.go:59.16,61.3 1 0
GoLang-Interns-2022/service/book/booksvc.go:66.92,69.30 1 1
GoLang-Interns-2022/service/book/booksvc.go:73.2,74.16 2 1
GoLang-Interns-2022/service/book/booksvc.go:78.2,78.19 1 1
GoLang-Interns-2022/service/book/booksvc.go:69.30,71.3 1 0
GoLang-Interns-2022/service/book/booksvc.go:74.16,76.3 1 0
GoLang-Interns-2022/service/book/booksvc.go:81.99,84.30 1 1
GoLang-Interns-2022/service/book/booksvc.go:88.2,89.16 2 1
GoLang-Interns-2022/service/book/booksvc.go:93.2,93.19 1 1
GoLang-Interns-2022/service/book/booksvc.go:84.30,86.3 1 0
GoLang-Interns-2022/service/book/booksvc.go:89.16,91.3 1 0
GoLang-Interns-2022/service/book/booksvc.go:96.73,97.13 1 1
GoLang-Interns-2022/service/book/booksvc.go:101.2,102.16 2 1
GoLang-Interns-2022/service/book/booksvc.go:106.2,106.19 1 1
GoLang-Interns-2022/service/book/booksvc.go:97.13,99.3 1 1
GoLang-Interns-2022/service/book/booksvc.go:102.16,104.3 1 0
GoLang-Interns-2022/service/book/booksvc.go:109.47,115.9 5 1
GoLang-Interns-2022/service/book/booksvc.go:124.2,124.13 1 1
GoLang-Interns-2022/service/book/booksvc.go:116.35,117.15 1 0
GoLang-Interns-2022/service/book/booksvc.go:118.32,119.15 1 0
GoLang-Interns-2022/service/book/booksvc.go:120.28,121.15 1 0
GoLang-Interns-2022/service/book/booksvc.go:127.45,128.39 1 1
GoLang-Interns-2022/service/book/booksvc.go:129.17,130.14 1 0
GoLang-Interns-2022/service/book/booksvc.go:131.20,132.14 1 0
GoLang-Interns-2022/service/book/booksvc.go:133.17,134.14 1 1
GoLang-Interns-2022/service/book/booksvc.go:135.10,136.15 1 0
GoLang-Interns-2022/service/book/booksvc.go:140.32,141.15 1 1
GoLang-Interns-2022/service/book/booksvc.go:145.2,155.9 6 1
GoLang-Interns-2022/service/book/booksvc.go:164.2,164.13 1 1
GoLang-Interns-2022/service/book/booksvc.go:141.15,143.3 1 0
GoLang-Interns-2022/service/book/booksvc.go:156.31,157.15 1 0
GoLang-Interns-2022/service/book/booksvc.go:158.32,159.15 1 0
GoLang-Interns-2022/service/book/booksvc.go:160.28,161.15 1 0
GoLang-Interns-2022/service/author/authorsvc.go:17.44,19.2 1 1
GoLang-Interns-2022/service/author/authorsvc.go:21.105,22.77 1 1
GoLang-Interns-2022/service/author/authorsvc.go:26.2,26.27 1 1
GoLang-Interns-2022/service/author/authorsvc.go:30.2,30.26 1 1
GoLang-Interns-2022/service/author/authorsvc.go:34.2,36.20 2 1
GoLang-Interns-2022/service/author/authorsvc.go:22.77,24.3 1 1
GoLang-Interns-2022/service/author/authorsvc.go:26.27,28.3 1 1
GoLang-Interns-2022/service/author/authorsvc.go:30.26,32.3 1 1
GoLang-Interns-2022/service/author/authorsvc.go:39.112,40.77 1 1
GoLang-Interns-2022/service/author/authorsvc.go:44.2,44.27 1 1
GoLang-Interns-2022/service/author/authorsvc.go:48.2,48.13 1 1
GoLang-Interns-2022/service/author/authorsvc.go:52.2,54.20 2 1
GoLang-Interns-2022/service/author/authorsvc.go:40.77,42.3 1 1
GoLang-Interns-2022/service/author/authorsvc.go:44.27,46.3 1 1
GoLang-Interns-2022/service/author/authorsvc.go:48.13,50.3 1 1
GoLang-Interns-2022/service/author/authorsvc.go:57.81,58.13 1 1
GoLang-Interns-2022/service/author/authorsvc.go:62.2,63.16 2 1
GoLang-Interns-2022/service/author/authorsvc.go:67.2,67.19 1 1
GoLang-Interns-2022/service/author/authorsvc.go:58.13,60.3 1 1
GoLang-Interns-2022/service/author/authorsvc.go:63.16,65.3 1 1
GoLang-Interns-2022/service/author/authorsvc.go:70.32,71.15 1 1
GoLang-Interns-2022/service/author/authorsvc.go:75.2,85.9 6 1
GoLang-Interns-2022/service/author/authorsvc.go:94.2,94.13 1 1
GoLang-Interns-2022/service/author/authorsvc.go:71.15,73.3 1 1
GoLang-Interns-2022/service/author/authorsvc.go:86.31,87.15 1 1
GoLang-Interns-2022/service/author/authorsvc.go:88.32,89.15 1 1
GoLang-Interns-2022/service/author/authorsvc.go:90.28,91.15 1 1
