mode: set
GoLang-Interns-2022/delivery/author/authorhttp.go:19.49,21.2 1 1
GoLang-Interns-2022/delivery/author/authorhttp.go:23.75,27.16 4 1
GoLang-Interns-2022/delivery/author/authorhttp.go:33.2,35.16 3 1
GoLang-Interns-2022/delivery/author/authorhttp.go:40.2,41.16 2 1
GoLang-Interns-2022/delivery/author/authorhttp.go:44.2,45.22 2 1
GoLang-Interns-2022/delivery/author/authorhttp.go:27.16,31.3 2 0
GoLang-Interns-2022/delivery/author/authorhttp.go:35.16,39.3 3 1
GoLang-Interns-2022/delivery/author/authorhttp.go:41.16,43.3 1 0
GoLang-Interns-2022/delivery/author/authorhttp.go:48.74,53.27 4 1
GoLang-Interns-2022/delivery/author/authorhttp.go:59.2,61.16 3 1
GoLang-Interns-2022/delivery/author/authorhttp.go:64.2,66.16 3 1
GoLang-Interns-2022/delivery/author/authorhttp.go:70.2,71.16 2 1
GoLang-Interns-2022/delivery/author/authorhttp.go:74.2,75.22 2 1
GoLang-Interns-2022/delivery/author/authorhttp.go:53.27,58.3 3 1
GoLang-Interns-2022/delivery/author/authorhttp.go:61.16,63.3 1 0
GoLang-Interns-2022/delivery/author/authorhttp.go:66.16,69.3 2 0
GoLang-Interns-2022/delivery/author/authorhttp.go:71.16,73.3 1 0
GoLang-Interns-2022/delivery/author/authorhttp.go:78.77,81.16 3 1
GoLang-Interns-2022/delivery/author/authorhttp.go:85.2,87.16 3 1
GoLang-Interns-2022/delivery/author/authorhttp.go:92.2,92.37 1 1
GoLang-Interns-2022/delivery/author/authorhttp.go:81.16,84.3 2 0
GoLang-Interns-2022/delivery/author/authorhttp.go:87.16,91.3 3 1
