mode: set
GoLang-Interns-2022/datastore/book/mysql.go:16.29,18.2 1 1
GoLang-Interns-2022/datastore/book/mysql.go:20.74,24.16 3 1
GoLang-Interns-2022/datastore/book/mysql.go:28.2,28.15 1 1
GoLang-Interns-2022/datastore/book/mysql.go:33.2,33.18 1 1
GoLang-Interns-2022/datastore/book/mysql.go:44.2,44.19 1 1
GoLang-Interns-2022/datastore/book/mysql.go:24.16,26.3 1 0
GoLang-Interns-2022/datastore/book/mysql.go:28.15,31.3 2 1
GoLang-Interns-2022/datastore/book/mysql.go:33.18,37.17 3 1
GoLang-Interns-2022/datastore/book/mysql.go:41.3,41.30 1 1
GoLang-Interns-2022/datastore/book/mysql.go:37.17,39.4 1 0
GoLang-Interns-2022/datastore/book/mysql.go:47.92,51.16 3 1
GoLang-Interns-2022/datastore/book/mysql.go:55.2,55.15 1 1
GoLang-Interns-2022/datastore/book/mysql.go:60.2,60.17 1 1
GoLang-Interns-2022/datastore/book/mysql.go:69.2,69.19 1 1
GoLang-Interns-2022/datastore/book/mysql.go:51.16,53.3 1 0
GoLang-Interns-2022/datastore/book/mysql.go:55.15,58.3 2 1
GoLang-Interns-2022/datastore/book/mysql.go:60.17,62.124 2 1
GoLang-Interns-2022/datastore/book/mysql.go:66.3,66.30 1 1
GoLang-Interns-2022/datastore/book/mysql.go:62.124,64.4 1 0
GoLang-Interns-2022/datastore/book/mysql.go:72.77,78.16 4 1
GoLang-Interns-2022/datastore/book/mysql.go:82.2,82.18 1 1
GoLang-Interns-2022/datastore/book/mysql.go:78.16,80.3 1 1
GoLang-Interns-2022/datastore/book/mysql.go:85.91,88.16 2 1
GoLang-Interns-2022/datastore/book/mysql.go:92.2,93.16 2 1
GoLang-Interns-2022/datastore/book/mysql.go:97.2,99.19 2 1
GoLang-Interns-2022/datastore/book/mysql.go:88.16,90.3 1 0
GoLang-Interns-2022/datastore/book/mysql.go:93.16,95.3 1 0
GoLang-Interns-2022/datastore/book/mysql.go:102.98,104.16 2 1
GoLang-Interns-2022/datastore/book/mysql.go:108.2,108.15 1 1
GoLang-Interns-2022/datastore/book/mysql.go:113.2,113.17 1 1
GoLang-Interns-2022/datastore/book/mysql.go:117.2,119.16 2 1
GoLang-Interns-2022/datastore/book/mysql.go:123.2,123.19 1 1
GoLang-Interns-2022/datastore/book/mysql.go:104.16,106.3 1 0
GoLang-Interns-2022/datastore/book/mysql.go:108.15,111.3 2 1
GoLang-Interns-2022/datastore/book/mysql.go:113.17,115.3 1 0
GoLang-Interns-2022/datastore/book/mysql.go:119.16,121.3 1 0
GoLang-Interns-2022/datastore/book/mysql.go:126.72,128.16 2 1
GoLang-Interns-2022/datastore/book/mysql.go:132.2,132.15 1 1
GoLang-Interns-2022/datastore/book/mysql.go:137.2,137.17 1 1
GoLang-Interns-2022/datastore/book/mysql.go:141.2,142.16 2 1
GoLang-Interns-2022/datastore/book/mysql.go:146.2,147.16 2 1
GoLang-Interns-2022/datastore/book/mysql.go:151.2,151.26 1 1
GoLang-Interns-2022/datastore/book/mysql.go:128.16,130.3 1 0
GoLang-Interns-2022/datastore/book/mysql.go:132.15,135.3 2 1
GoLang-Interns-2022/datastore/book/mysql.go:137.17,139.3 1 1
GoLang-Interns-2022/datastore/book/mysql.go:142.16,144.3 1 0
GoLang-Interns-2022/datastore/book/mysql.go:147.16,149.3 1 0
GoLang-Interns-2022/datastore/author/mysql.go:16.29,18.2 1 1
GoLang-Interns-2022/datastore/author/mysql.go:20.98,23.16 2 1
GoLang-Interns-2022/datastore/author/mysql.go:27.2,28.16 2 1
GoLang-Interns-2022/datastore/author/mysql.go:32.2,34.20 2 1
GoLang-Interns-2022/datastore/author/mysql.go:23.16,25.3 1 1
GoLang-Interns-2022/datastore/author/mysql.go:28.16,30.3 1 0
GoLang-Interns-2022/datastore/author/mysql.go:37.105,39.16 2 1
GoLang-Interns-2022/datastore/author/mysql.go:43.2,43.15 1 1
GoLang-Interns-2022/datastore/author/mysql.go:48.2,48.17 1 1
GoLang-Interns-2022/datastore/author/mysql.go:52.2,54.16 2 1
GoLang-Interns-2022/datastore/author/mysql.go:58.2,58.20 1 1
GoLang-Interns-2022/datastore/author/mysql.go:39.16,41.3 1 1
GoLang-Interns-2022/datastore/author/mysql.go:43.15,46.3 2 1
GoLang-Interns-2022/datastore/author/mysql.go:48.17,50.3 1 0
GoLang-Interns-2022/datastore/author/mysql.go:54.16,56.3 1 0
GoLang-Interns-2022/datastore/author/mysql.go:61.74,63.16 2 1
GoLang-Interns-2022/datastore/author/mysql.go:67.2,67.15 1 1
GoLang-Interns-2022/datastore/author/mysql.go:72.2,72.17 1 1
GoLang-Interns-2022/datastore/author/mysql.go:76.2,77.16 2 1
GoLang-Interns-2022/datastore/author/mysql.go:81.2,82.16 2 1
GoLang-Interns-2022/datastore/author/mysql.go:86.2,86.26 1 1
GoLang-Interns-2022/datastore/author/mysql.go:63.16,65.3 1 0
GoLang-Interns-2022/datastore/author/mysql.go:67.15,70.3 2 1
GoLang-Interns-2022/datastore/author/mysql.go:72.17,74.3 1 1
GoLang-Interns-2022/datastore/author/mysql.go:77.16,79.3 1 0
GoLang-Interns-2022/datastore/author/mysql.go:82.16,84.3 1 0
GoLang-Interns-2022/datastore/author/mysql.go:89.85,94.118 3 1
GoLang-Interns-2022/datastore/author/mysql.go:100.2,100.20 1 1
GoLang-Interns-2022/datastore/author/mysql.go:94.118,98.3 2 1
