mode: set
GoLang-Interns-2022/datastore/book/mysql.go:15.33,17.2 1 1
GoLang-Interns-2022/datastore/book/mysql.go:19.78,21.16 2 1
GoLang-Interns-2022/datastore/book/mysql.go:25.2,27.18 2 1
GoLang-Interns-2022/datastore/book/mysql.go:36.2,36.19 1 1
GoLang-Interns-2022/datastore/book/mysql.go:21.16,23.3 1 0
GoLang-Interns-2022/datastore/book/mysql.go:27.18,30.17 3 1
GoLang-Interns-2022/datastore/book/mysql.go:33.3,33.30 1 1
GoLang-Interns-2022/datastore/book/mysql.go:30.17,32.4 1 0
GoLang-Interns-2022/datastore/book/mysql.go:39.96,41.16 2 1
GoLang-Interns-2022/datastore/book/mysql.go:44.2,45.17 2 1
GoLang-Interns-2022/datastore/book/mysql.go:52.2,52.19 1 1
GoLang-Interns-2022/datastore/book/mysql.go:41.16,43.3 1 0
GoLang-Interns-2022/datastore/book/mysql.go:45.17,47.124 2 1
GoLang-Interns-2022/datastore/book/mysql.go:50.3,50.30 1 1
GoLang-Interns-2022/datastore/book/mysql.go:47.124,49.4 1 0
GoLang-Interns-2022/datastore/book/mysql.go:55.81,60.16 4 1
GoLang-Interns-2022/datastore/book/mysql.go:64.2,64.18 1 1
GoLang-Interns-2022/datastore/book/mysql.go:60.16,62.3 1 1
GoLang-Interns-2022/datastore/book/mysql.go:67.94,70.16 2 1
GoLang-Interns-2022/datastore/book/mysql.go:74.2,75.16 2 1
GoLang-Interns-2022/datastore/book/mysql.go:79.2,81.18 2 1
GoLang-Interns-2022/datastore/book/mysql.go:70.16,72.3 1 0
GoLang-Interns-2022/datastore/book/mysql.go:75.16,77.3 1 0
GoLang-Interns-2022/datastore/book/mysql.go:84.93,87.16 2 1
GoLang-Interns-2022/datastore/book/mysql.go:91.2,91.18 1 1
GoLang-Interns-2022/datastore/book/mysql.go:87.16,89.3 1 0
GoLang-Interns-2022/datastore/book/mysql.go:94.76,96.16 2 1
GoLang-Interns-2022/datastore/book/mysql.go:100.2,101.16 2 1
GoLang-Interns-2022/datastore/book/mysql.go:105.2,105.26 1 1
GoLang-Interns-2022/datastore/book/mysql.go:96.16,98.3 1 1
GoLang-Interns-2022/datastore/book/mysql.go:101.16,103.3 1 0
