mode: set
GoLang-Interns-2022/delivery/book/bookhttp.go:19.45,21.2 1 1
GoLang-Interns-2022/delivery/book/bookhttp.go:23.73,30.16 6 1
GoLang-Interns-2022/delivery/book/bookhttp.go:33.2,33.22 1 1
GoLang-Interns-2022/delivery/book/bookhttp.go:30.16,32.3 1 0
GoLang-Interns-2022/delivery/book/bookhttp.go:35.70,38.27 3 1
GoLang-Interns-2022/delivery/book/bookhttp.go:43.2,45.16 3 1
GoLang-Interns-2022/delivery/book/bookhttp.go:49.2,50.16 2 1
GoLang-Interns-2022/delivery/book/bookhttp.go:55.2,56.22 2 1
GoLang-Interns-2022/delivery/book/bookhttp.go:38.27,41.3 2 1
GoLang-Interns-2022/delivery/book/bookhttp.go:45.16,48.3 2 0
GoLang-Interns-2022/delivery/book/bookhttp.go:50.16,54.3 3 0
GoLang-Interns-2022/delivery/book/bookhttp.go:59.71,63.16 3 1
GoLang-Interns-2022/delivery/book/bookhttp.go:67.2,68.16 2 1
GoLang-Interns-2022/delivery/book/bookhttp.go:72.2,74.16 3 1
GoLang-Interns-2022/delivery/book/bookhttp.go:79.2,80.16 2 1
GoLang-Interns-2022/delivery/book/bookhttp.go:85.2,86.22 2 1
GoLang-Interns-2022/delivery/book/bookhttp.go:63.16,66.3 2 0
GoLang-Interns-2022/delivery/book/bookhttp.go:68.16,71.3 2 0
GoLang-Interns-2022/delivery/book/bookhttp.go:74.16,78.3 3 0
GoLang-Interns-2022/delivery/book/bookhttp.go:80.16,84.3 3 0
GoLang-Interns-2022/delivery/book/bookhttp.go:89.70,94.27 4 1
GoLang-Interns-2022/delivery/book/bookhttp.go:100.2,104.16 3 1
GoLang-Interns-2022/delivery/book/bookhttp.go:110.2,112.16 3 1
GoLang-Interns-2022/delivery/book/bookhttp.go:116.2,117.22 2 1
GoLang-Interns-2022/delivery/book/bookhttp.go:94.27,98.3 3 1
GoLang-Interns-2022/delivery/book/bookhttp.go:104.16,109.3 3 0
GoLang-Interns-2022/delivery/book/bookhttp.go:112.16,115.3 2 0
GoLang-Interns-2022/delivery/book/bookhttp.go:120.73,124.27 3 1
GoLang-Interns-2022/delivery/book/bookhttp.go:129.2,131.16 3 1
GoLang-Interns-2022/delivery/book/bookhttp.go:137.2,137.37 1 1
GoLang-Interns-2022/delivery/book/bookhttp.go:124.27,128.3 3 1
GoLang-Interns-2022/delivery/book/bookhttp.go:131.16,136.3 3 0
