mode: set
GoLang-Interns-2022/datastore/book/mysql.go:15.29,17.2 1 1
GoLang-Interns-2022/datastore/book/mysql.go:19.74,21.16 2 1
GoLang-Interns-2022/datastore/book/mysql.go:25.2,27.18 2 1
GoLang-Interns-2022/datastore/book/mysql.go:38.2,38.19 1 1
GoLang-Interns-2022/datastore/book/mysql.go:21.16,23.3 1 0
GoLang-Interns-2022/datastore/book/mysql.go:27.18,31.17 3 1
GoLang-Interns-2022/datastore/book/mysql.go:35.3,35.30 1 1
GoLang-Interns-2022/datastore/book/mysql.go:31.17,33.4 1 0
GoLang-Interns-2022/datastore/book/mysql.go:41.92,43.16 2 1
GoLang-Interns-2022/datastore/book/mysql.go:47.2,49.17 2 1
GoLang-Interns-2022/datastore/book/mysql.go:58.2,58.19 1 1
GoLang-Interns-2022/datastore/book/mysql.go:43.16,45.3 1 0
GoLang-Interns-2022/datastore/book/mysql.go:49.17,51.124 2 1
GoLang-Interns-2022/datastore/book/mysql.go:55.3,55.30 1 1
GoLang-Interns-2022/datastore/book/mysql.go:51.124,53.4 1 0
GoLang-Interns-2022/datastore/book/mysql.go:61.77,67.16 4 1
GoLang-Interns-2022/datastore/book/mysql.go:71.2,71.18 1 1
GoLang-Interns-2022/datastore/book/mysql.go:67.16,69.3 1 1
GoLang-Interns-2022/datastore/book/mysql.go:74.91,77.16 2 1
GoLang-Interns-2022/datastore/book/mysql.go:81.2,82.16 2 1
GoLang-Interns-2022/datastore/book/mysql.go:86.2,88.19 2 1
GoLang-Interns-2022/datastore/book/mysql.go:77.16,79.3 1 0
GoLang-Interns-2022/datastore/book/mysql.go:82.16,84.3 1 0
GoLang-Interns-2022/datastore/book/mysql.go:91.98,93.16 2 1
GoLang-Interns-2022/datastore/book/mysql.go:97.2,97.17 1 1
GoLang-Interns-2022/datastore/book/mysql.go:101.2,103.16 2 1
GoLang-Interns-2022/datastore/book/mysql.go:107.2,107.19 1 1
GoLang-Interns-2022/datastore/book/mysql.go:93.16,95.3 1 0
GoLang-Interns-2022/datastore/book/mysql.go:97.17,99.3 1 0
GoLang-Interns-2022/datastore/book/mysql.go:103.16,105.3 1 0
GoLang-Interns-2022/datastore/book/mysql.go:110.72,112.16 2 1
GoLang-Interns-2022/datastore/book/mysql.go:116.2,116.17 1 1
GoLang-Interns-2022/datastore/book/mysql.go:120.2,121.16 2 1
GoLang-Interns-2022/datastore/book/mysql.go:125.2,126.16 2 1
GoLang-Interns-2022/datastore/book/mysql.go:130.2,130.26 1 1
GoLang-Interns-2022/datastore/book/mysql.go:112.16,114.3 1 0
GoLang-Interns-2022/datastore/book/mysql.go:116.17,118.3 1 1
GoLang-Interns-2022/datastore/book/mysql.go:121.16,123.3 1 0
GoLang-Interns-2022/datastore/book/mysql.go:126.16,128.3 1 0
GoLang-Interns-2022/delivery/author/authorhttp.go:20.43,22.2 1 1
GoLang-Interns-2022/delivery/author/authorhttp.go:24.69,30.16 4 1
GoLang-Interns-2022/delivery/author/authorhttp.go:36.2,39.16 3 1
GoLang-Interns-2022/delivery/author/authorhttp.go:46.2,47.16 2 1
GoLang-Interns-2022/delivery/author/authorhttp.go:51.2,52.22 2 1
GoLang-Interns-2022/delivery/author/authorhttp.go:30.16,34.3 2 0
GoLang-Interns-2022/delivery/author/authorhttp.go:39.16,44.3 3 1
GoLang-Interns-2022/delivery/author/authorhttp.go:47.16,49.3 1 0
GoLang-Interns-2022/delivery/author/authorhttp.go:55.68,61.16 4 1
GoLang-Interns-2022/delivery/author/authorhttp.go:67.2,70.16 3 1
GoLang-Interns-2022/delivery/author/authorhttp.go:74.2,77.16 3 1
GoLang-Interns-2022/delivery/author/authorhttp.go:82.2,83.16 2 1
GoLang-Interns-2022/delivery/author/authorhttp.go:87.2,88.22 2 1
GoLang-Interns-2022/delivery/author/authorhttp.go:61.16,65.3 2 0
GoLang-Interns-2022/delivery/author/authorhttp.go:70.16,72.3 1 0
GoLang-Interns-2022/delivery/author/authorhttp.go:77.16,80.3 2 1
GoLang-Interns-2022/delivery/author/authorhttp.go:83.16,85.3 1 0
GoLang-Interns-2022/delivery/author/authorhttp.go:91.71,95.16 3 1
GoLang-Interns-2022/delivery/author/authorhttp.go:101.2,104.16 3 1
GoLang-Interns-2022/delivery/author/authorhttp.go:110.2,110.37 1 1
GoLang-Interns-2022/delivery/author/authorhttp.go:95.16,99.3 2 0
GoLang-Interns-2022/delivery/author/authorhttp.go:104.16,108.3 2 1
GoLang-Interns-2022/datastore/author/mysql.go:15.29,17.2 1 1
GoLang-Interns-2022/datastore/author/mysql.go:19.98,22.16 2 1
GoLang-Interns-2022/datastore/author/mysql.go:26.2,27.16 2 1
GoLang-Interns-2022/datastore/author/mysql.go:31.2,33.20 2 1
GoLang-Interns-2022/datastore/author/mysql.go:22.16,24.3 1 0
GoLang-Interns-2022/datastore/author/mysql.go:27.16,29.3 1 0
GoLang-Interns-2022/datastore/author/mysql.go:36.105,38.16 2 1
GoLang-Interns-2022/datastore/author/mysql.go:43.2,43.17 1 1
GoLang-Interns-2022/datastore/author/mysql.go:47.2,49.16 2 1
GoLang-Interns-2022/datastore/author/mysql.go:53.2,53.20 1 1
GoLang-Interns-2022/datastore/author/mysql.go:38.16,41.3 2 1
GoLang-Interns-2022/datastore/author/mysql.go:43.17,45.3 1 0
GoLang-Interns-2022/datastore/author/mysql.go:49.16,51.3 1 0
GoLang-Interns-2022/datastore/author/mysql.go:56.74,58.16 2 1
GoLang-Interns-2022/datastore/author/mysql.go:62.2,62.17 1 1
GoLang-Interns-2022/datastore/author/mysql.go:66.2,67.16 2 1
GoLang-Interns-2022/datastore/author/mysql.go:71.2,72.16 2 1
GoLang-Interns-2022/datastore/author/mysql.go:76.2,76.26 1 1
GoLang-Interns-2022/datastore/author/mysql.go:58.16,60.3 1 0
GoLang-Interns-2022/datastore/author/mysql.go:62.17,64.3 1 1
GoLang-Interns-2022/datastore/author/mysql.go:67.16,69.3 1 0
GoLang-Interns-2022/datastore/author/mysql.go:72.16,74.3 1 0
GoLang-Interns-2022/datastore/author/mysql.go:79.85,84.118 3 1
GoLang-Interns-2022/datastore/author/mysql.go:90.2,90.20 1 1
GoLang-Interns-2022/datastore/author/mysql.go:84.118,88.3 2 0
GoLang-Interns-2022/delivery/book/bookhttp.go:20.41,22.2 1 1
GoLang-Interns-2022/delivery/book/bookhttp.go:24.69,33.16 6 1
GoLang-Interns-2022/delivery/book/bookhttp.go:37.2,37.22 1 1
GoLang-Interns-2022/delivery/book/bookhttp.go:33.16,35.3 1 0
GoLang-Interns-2022/delivery/book/bookhttp.go:39.66,43.27 3 1
GoLang-Interns-2022/delivery/book/bookhttp.go:48.2,51.16 3 1
GoLang-Interns-2022/delivery/book/bookhttp.go:57.2,58.16 2 1
GoLang-Interns-2022/delivery/book/bookhttp.go:65.2,66.22 2 1
GoLang-Interns-2022/delivery/book/bookhttp.go:43.27,46.3 2 1
GoLang-Interns-2022/delivery/book/bookhttp.go:51.16,55.3 2 0
GoLang-Interns-2022/delivery/book/bookhttp.go:58.16,63.3 3 0
GoLang-Interns-2022/delivery/book/bookhttp.go:69.67,73.16 3 1
GoLang-Interns-2022/delivery/book/bookhttp.go:78.2,79.16 2 1
GoLang-Interns-2022/delivery/book/bookhttp.go:84.2,87.16 3 1
GoLang-Interns-2022/delivery/book/bookhttp.go:94.2,95.16 2 1
GoLang-Interns-2022/delivery/book/bookhttp.go:102.2,103.22 2 1
GoLang-Interns-2022/delivery/book/bookhttp.go:73.16,76.3 2 0
GoLang-Interns-2022/delivery/book/bookhttp.go:79.16,82.3 2 0
GoLang-Interns-2022/delivery/book/bookhttp.go:87.16,92.3 3 0
GoLang-Interns-2022/delivery/book/bookhttp.go:95.16,100.3 3 0
GoLang-Interns-2022/delivery/book/bookhttp.go:106.66,112.16 4 1
GoLang-Interns-2022/delivery/book/bookhttp.go:118.2,122.16 3 1
GoLang-Interns-2022/delivery/book/bookhttp.go:129.2,132.16 3 1
GoLang-Interns-2022/delivery/book/bookhttp.go:137.2,138.22 2 1
GoLang-Interns-2022/delivery/book/bookhttp.go:112.16,116.3 2 0
GoLang-Interns-2022/delivery/book/bookhttp.go:122.16,127.3 3 0
GoLang-Interns-2022/delivery/book/bookhttp.go:132.16,135.3 2 1
GoLang-Interns-2022/delivery/book/bookhttp.go:141.69,145.27 3 1
GoLang-Interns-2022/delivery/book/bookhttp.go:152.2,155.16 3 1
GoLang-Interns-2022/delivery/book/bookhttp.go:162.2,162.37 1 1
GoLang-Interns-2022/delivery/book/bookhttp.go:145.27,150.3 3 1
GoLang-Interns-2022/delivery/book/bookhttp.go:155.16,160.3 3 0
GoLang-Interns-2022/service/author/authorsvc.go:16.44,18.2 1 1
GoLang-Interns-2022/service/author/authorsvc.go:20.105,21.77 1 1
GoLang-Interns-2022/service/author/authorsvc.go:25.2,25.27 1 1
GoLang-Interns-2022/service/author/authorsvc.go:29.2,29.26 1 1
GoLang-Interns-2022/service/author/authorsvc.go:33.2,34.16 2 1
GoLang-Interns-2022/service/author/authorsvc.go:38.2,38.20 1 1
GoLang-Interns-2022/service/author/authorsvc.go:21.77,23.3 1 0
GoLang-Interns-2022/service/author/authorsvc.go:25.27,27.3 1 0
GoLang-Interns-2022/service/author/authorsvc.go:29.26,31.3 1 0
GoLang-Interns-2022/service/author/authorsvc.go:34.16,36.3 1 0
GoLang-Interns-2022/service/author/authorsvc.go:41.112,42.77 1 1
GoLang-Interns-2022/service/author/authorsvc.go:46.2,46.27 1 1
GoLang-Interns-2022/service/author/authorsvc.go:50.2,50.13 1 1
GoLang-Interns-2022/service/author/authorsvc.go:54.2,55.16 2 1
GoLang-Interns-2022/service/author/authorsvc.go:59.2,59.20 1 1
GoLang-Interns-2022/service/author/authorsvc.go:42.77,44.3 1 0
GoLang-Interns-2022/service/author/authorsvc.go:46.27,48.3 1 0
GoLang-Interns-2022/service/author/authorsvc.go:50.13,52.3 1 0
GoLang-Interns-2022/service/author/authorsvc.go:55.16,57.3 1 0
GoLang-Interns-2022/service/author/authorsvc.go:62.81,63.13 1 1
GoLang-Interns-2022/service/author/authorsvc.go:67.2,68.16 2 1
GoLang-Interns-2022/service/author/authorsvc.go:72.2,72.19 1 1
GoLang-Interns-2022/service/author/authorsvc.go:63.13,65.3 1 1
GoLang-Interns-2022/service/author/authorsvc.go:68.16,70.3 1 0
GoLang-Interns-2022/service/author/authorsvc.go:75.32,76.15 1 1
GoLang-Interns-2022/service/author/authorsvc.go:80.2,87.9 6 1
GoLang-Interns-2022/service/author/authorsvc.go:96.2,96.13 1 1
GoLang-Interns-2022/service/author/authorsvc.go:76.15,78.3 1 0
GoLang-Interns-2022/service/author/authorsvc.go:88.31,89.15 1 0
GoLang-Interns-2022/service/author/authorsvc.go:90.32,91.15 1 0
GoLang-Interns-2022/service/author/authorsvc.go:92.28,93.15 1 0
GoLang-Interns-2022/service/book/booksvc.go:17.58,19.2 1 1
GoLang-Interns-2022/service/book/booksvc.go:21.104,27.17 2 1
GoLang-Interns-2022/service/book/booksvc.go:39.2,39.29 1 1
GoLang-Interns-2022/service/book/booksvc.go:50.2,50.19 1 1
GoLang-Interns-2022/service/book/booksvc.go:27.17,29.17 2 1
GoLang-Interns-2022/service/book/booksvc.go:29.17,31.4 1 0
GoLang-Interns-2022/service/book/booksvc.go:32.8,34.17 2 1
GoLang-Interns-2022/service/book/booksvc.go:34.17,36.4 1 0
GoLang-Interns-2022/service/book/booksvc.go:39.29,40.24 1 1
GoLang-Interns-2022/service/book/booksvc.go:40.24,42.18 2 1
GoLang-Interns-2022/service/book/booksvc.go:46.4,46.28 1 1
GoLang-Interns-2022/service/book/booksvc.go:42.18,44.5 1 0
GoLang-Interns-2022/service/book/booksvc.go:53.78,54.13 1 1
GoLang-Interns-2022/service/book/booksvc.go:58.2,59.16 2 1
GoLang-Interns-2022/service/book/booksvc.go:63.2,63.18 1 1
GoLang-Interns-2022/service/book/booksvc.go:54.13,56.3 1 0
GoLang-Interns-2022/service/book/booksvc.go:59.16,61.3 1 0
GoLang-Interns-2022/service/book/booksvc.go:66.92,69.30 1 1
GoLang-Interns-2022/service/book/booksvc.go:73.2,74.16 2 1
GoLang-Interns-2022/service/book/booksvc.go:78.2,78.19 1 1
GoLang-Interns-2022/service/book/booksvc.go:69.30,71.3 1 0
GoLang-Interns-2022/service/book/booksvc.go:74.16,76.3 1 0
GoLang-Interns-2022/service/book/booksvc.go:81.99,84.30 1 1
GoLang-Interns-2022/service/book/booksvc.go:88.2,89.16 2 1
GoLang-Interns-2022/service/book/booksvc.go:93.2,93.19 1 1
GoLang-Interns-2022/service/book/booksvc.go:84.30,86.3 1 0
GoLang-Interns-2022/service/book/booksvc.go:89.16,91.3 1 0
GoLang-Interns-2022/service/book/booksvc.go:96.73,97.13 1 1
GoLang-Interns-2022/service/book/booksvc.go:101.2,102.16 2 1
GoLang-Interns-2022/service/book/booksvc.go:106.2,106.19 1 1
GoLang-Interns-2022/service/book/booksvc.go:97.13,99.3 1 1
GoLang-Interns-2022/service/book/booksvc.go:102.16,104.3 1 0
GoLang-Interns-2022/service/book/booksvc.go:109.47,115.9 5 1
GoLang-Interns-2022/service/book/booksvc.go:124.2,124.13 1 1
GoLang-Interns-2022/service/book/booksvc.go:116.35,117.15 1 0
GoLang-Interns-2022/service/book/booksvc.go:118.32,119.15 1 0
GoLang-Interns-2022/service/book/booksvc.go:120.28,121.15 1 0
GoLang-Interns-2022/service/book/booksvc.go:127.45,128.39 1 1
GoLang-Interns-2022/service/book/booksvc.go:129.17,130.14 1 0
GoLang-Interns-2022/service/book/booksvc.go:131.20,132.14 1 0
GoLang-Interns-2022/service/book/booksvc.go:133.17,134.14 1 1
GoLang-Interns-2022/service/book/booksvc.go:135.10,136.15 1 0
GoLang-Interns-2022/service/book/booksvc.go:140.32,141.15 1 1
GoLang-Interns-2022/service/book/booksvc.go:145.2,155.9 6 1
GoLang-Interns-2022/service/book/booksvc.go:164.2,164.13 1 1
GoLang-Interns-2022/service/book/booksvc.go:141.15,143.3 1 0
GoLang-Interns-2022/service/book/booksvc.go:156.31,157.15 1 0
GoLang-Interns-2022/service/book/booksvc.go:158.32,159.15 1 0
GoLang-Interns-2022/service/book/booksvc.go:160.28,161.15 1 0
