mode: set
GoLang-Interns-2022/datastore/author/mysql.go:14.35,16.2 1 1
GoLang-Interns-2022/datastore/author/mysql.go:18.83,23.16 4 1
GoLang-Interns-2022/datastore/author/mysql.go:27.2,29.20 3 0
GoLang-Interns-2022/datastore/author/mysql.go:23.16,25.3 1 1
GoLang-Interns-2022/datastore/author/mysql.go:32.82,34.16 2 1
GoLang-Interns-2022/datastore/author/mysql.go:39.2,39.17 1 1
GoLang-Interns-2022/datastore/author/mysql.go:44.2,46.16 2 1
GoLang-Interns-2022/datastore/author/mysql.go:49.2,49.20 1 1
GoLang-Interns-2022/datastore/author/mysql.go:34.16,37.3 2 0
GoLang-Interns-2022/datastore/author/mysql.go:39.17,43.3 2 0
GoLang-Interns-2022/datastore/author/mysql.go:46.16,48.3 1 0
GoLang-Interns-2022/datastore/author/mysql.go:52.57,55.16 3 1
GoLang-Interns-2022/datastore/author/mysql.go:58.2,58.22 1 1
GoLang-Interns-2022/datastore/author/mysql.go:55.16,57.3 1 0
GoLang-Interns-2022/datastore/book/mysql.go:13.33,15.2 1 1
GoLang-Interns-2022/datastore/book/mysql.go:17.82,21.17 3 1
GoLang-Interns-2022/datastore/book/mysql.go:33.2,35.18 2 1
GoLang-Interns-2022/datastore/book/mysql.go:54.2,54.19 1 1
GoLang-Interns-2022/datastore/book/mysql.go:21.17,23.17 2 1
GoLang-Interns-2022/datastore/book/mysql.go:23.17,25.4 1 0
GoLang-Interns-2022/datastore/book/mysql.go:26.8,28.17 2 1
GoLang-Interns-2022/datastore/book/mysql.go:28.17,30.4 1 0
GoLang-Interns-2022/datastore/book/mysql.go:35.18,39.17 3 1
GoLang-Interns-2022/datastore/book/mysql.go:43.3,43.30 1 1
GoLang-Interns-2022/datastore/book/mysql.go:52.3,52.30 1 1
GoLang-Interns-2022/datastore/book/mysql.go:39.17,41.4 1 0
GoLang-Interns-2022/datastore/book/mysql.go:43.30,47.18 3 0
GoLang-Interns-2022/datastore/book/mysql.go:47.18,49.5 1 0
GoLang-Interns-2022/datastore/book/mysql.go:56.60,62.16 4 1
GoLang-Interns-2022/datastore/book/mysql.go:66.2,69.16 3 0
GoLang-Interns-2022/datastore/book/mysql.go:72.2,72.18 1 0
GoLang-Interns-2022/datastore/book/mysql.go:62.16,64.3 1 1
GoLang-Interns-2022/datastore/book/mysql.go:69.16,71.3 1 0
GoLang-Interns-2022/datastore/book/mysql.go:75.73,78.16 2 1
GoLang-Interns-2022/datastore/book/mysql.go:82.2,84.18 3 0
GoLang-Interns-2022/datastore/book/mysql.go:78.16,80.3 1 1
GoLang-Interns-2022/datastore/book/mysql.go:87.72,89.16 2 1
GoLang-Interns-2022/datastore/book/mysql.go:94.2,94.17 1 1
GoLang-Interns-2022/datastore/book/mysql.go:99.2,101.16 2 0
GoLang-Interns-2022/datastore/book/mysql.go:104.2,104.18 1 0
GoLang-Interns-2022/datastore/book/mysql.go:89.16,92.3 2 0
GoLang-Interns-2022/datastore/book/mysql.go:94.17,97.3 2 1
GoLang-Interns-2022/datastore/book/mysql.go:101.16,103.3 1 0
GoLang-Interns-2022/datastore/book/mysql.go:107.53,110.16 3 1
GoLang-Interns-2022/datastore/book/mysql.go:113.2,113.22 1 1
GoLang-Interns-2022/datastore/book/mysql.go:110.16,112.3 1 0
GoLang-Interns-2022/delivery/book/bookhttp.go:18.45,20.2 1 1
GoLang-Interns-2022/delivery/book/bookhttp.go:22.69,27.16 5 1
GoLang-Interns-2022/delivery/book/bookhttp.go:30.2,30.22 1 1
GoLang-Interns-2022/delivery/book/bookhttp.go:27.16,29.3 1 0
GoLang-Interns-2022/delivery/book/bookhttp.go:32.70,36.16 4 1
GoLang-Interns-2022/delivery/book/bookhttp.go:42.2,43.16 2 1
GoLang-Interns-2022/delivery/book/bookhttp.go:48.2,49.22 2 1
GoLang-Interns-2022/delivery/book/bookhttp.go:36.16,41.3 4 1
GoLang-Interns-2022/delivery/book/bookhttp.go:43.16,47.3 3 0
GoLang-Interns-2022/delivery/book/bookhttp.go:52.71,55.16 3 1
GoLang-Interns-2022/delivery/book/bookhttp.go:59.2,60.16 2 1
GoLang-Interns-2022/delivery/book/bookhttp.go:64.2,65.16 2 1
GoLang-Interns-2022/delivery/book/bookhttp.go:69.2,70.16 2 1
GoLang-Interns-2022/delivery/book/bookhttp.go:74.2,75.22 2 1
GoLang-Interns-2022/delivery/book/bookhttp.go:55.16,58.3 2 0
GoLang-Interns-2022/delivery/book/bookhttp.go:60.16,63.3 2 0
GoLang-Interns-2022/delivery/book/bookhttp.go:65.16,68.3 2 1
GoLang-Interns-2022/delivery/book/bookhttp.go:70.16,73.3 2 0
GoLang-Interns-2022/delivery/book/bookhttp.go:78.70,82.16 4 1
GoLang-Interns-2022/delivery/book/bookhttp.go:85.2,85.16 1 1
GoLang-Interns-2022/delivery/book/bookhttp.go:89.2,90.22 2 1
GoLang-Interns-2022/delivery/book/bookhttp.go:82.16,84.3 1 0
GoLang-Interns-2022/delivery/book/bookhttp.go:85.16,88.3 2 0
GoLang-Interns-2022/delivery/book/bookhttp.go:93.73,97.16 3 1
GoLang-Interns-2022/delivery/book/bookhttp.go:101.2,102.16 2 1
GoLang-Interns-2022/delivery/book/bookhttp.go:105.2,105.37 1 1
GoLang-Interns-2022/delivery/book/bookhttp.go:97.16,100.3 2 0
GoLang-Interns-2022/delivery/book/bookhttp.go:102.16,104.3 1 0
GoLang-Interns-2022/delivery/author/authorhttp.go:19.49,21.2 1 1
GoLang-Interns-2022/delivery/author/authorhttp.go:23.75,27.16 4 1
GoLang-Interns-2022/delivery/author/authorhttp.go:33.2,34.16 2 1
GoLang-Interns-2022/delivery/author/authorhttp.go:39.2,41.38 3 1
GoLang-Interns-2022/delivery/author/authorhttp.go:27.16,31.3 2 0
GoLang-Interns-2022/delivery/author/authorhttp.go:34.16,38.3 3 1
GoLang-Interns-2022/delivery/author/authorhttp.go:44.74,48.16 4 1
GoLang-Interns-2022/delivery/author/authorhttp.go:51.2,52.16 2 1
GoLang-Interns-2022/delivery/author/authorhttp.go:56.2,57.22 2 1
GoLang-Interns-2022/delivery/author/authorhttp.go:48.16,50.3 1 0
GoLang-Interns-2022/delivery/author/authorhttp.go:52.16,55.3 2 1
GoLang-Interns-2022/delivery/author/authorhttp.go:60.77,64.16 4 1
GoLang-Interns-2022/delivery/author/authorhttp.go:69.2,69.37 1 1
GoLang-Interns-2022/delivery/author/authorhttp.go:64.16,68.3 3 1
GoLang-Interns-2022/service/author/authorsvc.go:14.44,16.2 1 1
GoLang-Interns-2022/service/author/authorsvc.go:18.32,19.15 1 1
GoLang-Interns-2022/service/author/authorsvc.go:23.2,33.9 6 1
GoLang-Interns-2022/service/author/authorsvc.go:42.2,42.13 1 1
GoLang-Interns-2022/service/author/authorsvc.go:19.15,21.3 1 0
GoLang-Interns-2022/service/author/authorsvc.go:34.16,35.15 1 0
GoLang-Interns-2022/service/author/authorsvc.go:36.32,37.15 1 0
GoLang-Interns-2022/service/author/authorsvc.go:38.28,39.15 1 0
GoLang-Interns-2022/service/author/authorsvc.go:45.84,46.77 1 1
GoLang-Interns-2022/service/author/authorsvc.go:49.2,49.27 1 1
GoLang-Interns-2022/service/author/authorsvc.go:52.2,52.26 1 1
GoLang-Interns-2022/service/author/authorsvc.go:56.2,57.16 2 1
GoLang-Interns-2022/service/author/authorsvc.go:60.2,60.20 1 1
GoLang-Interns-2022/service/author/authorsvc.go:46.77,48.3 1 0
GoLang-Interns-2022/service/author/authorsvc.go:49.27,51.3 1 0
GoLang-Interns-2022/service/author/authorsvc.go:52.26,54.3 1 0
GoLang-Interns-2022/service/author/authorsvc.go:57.16,59.3 1 0
GoLang-Interns-2022/service/author/authorsvc.go:63.83,64.77 1 1
GoLang-Interns-2022/service/author/authorsvc.go:67.2,67.27 1 1
GoLang-Interns-2022/service/author/authorsvc.go:70.2,70.26 1 1
GoLang-Interns-2022/service/author/authorsvc.go:73.2,74.16 2 1
GoLang-Interns-2022/service/author/authorsvc.go:77.2,77.20 1 1
GoLang-Interns-2022/service/author/authorsvc.go:64.77,66.3 1 0
GoLang-Interns-2022/service/author/authorsvc.go:67.27,69.3 1 0
GoLang-Interns-2022/service/author/authorsvc.go:70.26,72.3 1 0
GoLang-Interns-2022/service/author/authorsvc.go:74.16,76.3 1 0
GoLang-Interns-2022/service/author/authorsvc.go:80.58,81.13 1 1
GoLang-Interns-2022/service/author/authorsvc.go:84.2,84.16 1 1
GoLang-Interns-2022/service/author/authorsvc.go:81.13,83.3 1 1
