mode: set
GoLang-Interns-2022/service/author/authorsvc.go:16.44,18.2 1 1
GoLang-Interns-2022/service/author/authorsvc.go:20.105,21.77 1 1
GoLang-Interns-2022/service/author/authorsvc.go:24.2,24.27 1 1
GoLang-Interns-2022/service/author/authorsvc.go:27.2,27.26 1 1
GoLang-Interns-2022/service/author/authorsvc.go:30.2,31.16 2 1
GoLang-Interns-2022/service/author/authorsvc.go:34.2,34.20 1 1
GoLang-Interns-2022/service/author/authorsvc.go:21.77,23.3 1 0
GoLang-Interns-2022/service/author/authorsvc.go:24.27,26.3 1 0
GoLang-Interns-2022/service/author/authorsvc.go:27.26,29.3 1 0
GoLang-Interns-2022/service/author/authorsvc.go:31.16,33.3 1 0
GoLang-Interns-2022/service/author/authorsvc.go:37.104,38.77 1 1
GoLang-Interns-2022/service/author/authorsvc.go:41.2,41.27 1 1
GoLang-Interns-2022/service/author/authorsvc.go:44.2,44.26 1 1
GoLang-Interns-2022/service/author/authorsvc.go:47.2,48.16 2 1
GoLang-Interns-2022/service/author/authorsvc.go:51.2,51.20 1 1
GoLang-Interns-2022/service/author/authorsvc.go:38.77,40.3 1 0
GoLang-Interns-2022/service/author/authorsvc.go:41.27,43.3 1 0
GoLang-Interns-2022/service/author/authorsvc.go:44.26,46.3 1 0
GoLang-Interns-2022/service/author/authorsvc.go:48.16,50.3 1 0
GoLang-Interns-2022/service/author/authorsvc.go:54.81,55.13 1 1
GoLang-Interns-2022/service/author/authorsvc.go:58.2,59.16 2 1
GoLang-Interns-2022/service/author/authorsvc.go:62.2,62.19 1 1
GoLang-Interns-2022/service/author/authorsvc.go:55.13,57.3 1 1
GoLang-Interns-2022/service/author/authorsvc.go:59.16,61.3 1 0
GoLang-Interns-2022/service/author/authorsvc.go:65.32,66.15 1 1
GoLang-Interns-2022/service/author/authorsvc.go:70.2,80.9 6 1
GoLang-Interns-2022/service/author/authorsvc.go:89.2,89.13 1 1
GoLang-Interns-2022/service/author/authorsvc.go:66.15,68.3 1 0
GoLang-Interns-2022/service/author/authorsvc.go:81.16,82.15 1 0
GoLang-Interns-2022/service/author/authorsvc.go:83.32,84.15 1 0
GoLang-Interns-2022/service/author/authorsvc.go:85.28,86.15 1 0
