mode: set
GoLang-Interns-2022/delivery/book/bookhttp.go:20.41,22.2 1 1
GoLang-Interns-2022/delivery/book/bookhttp.go:24.69,33.16 6 1
GoLang-Interns-2022/delivery/book/bookhttp.go:37.2,37.22 1 1
GoLang-Interns-2022/delivery/book/bookhttp.go:33.16,35.3 1 0
GoLang-Interns-2022/delivery/book/bookhttp.go:39.66,43.27 3 1
GoLang-Interns-2022/delivery/book/bookhttp.go:48.2,51.16 3 1
GoLang-Interns-2022/delivery/book/bookhttp.go:57.2,58.16 2 1
GoLang-Interns-2022/delivery/book/bookhttp.go:65.2,66.22 2 1
GoLang-Interns-2022/delivery/book/bookhttp.go:43.27,46.3 2 1
GoLang-Interns-2022/delivery/book/bookhttp.go:51.16,55.3 2 0
GoLang-Interns-2022/delivery/book/bookhttp.go:58.16,63.3 3 0
GoLang-Interns-2022/delivery/book/bookhttp.go:69.67,73.16 3 1
GoLang-Interns-2022/delivery/book/bookhttp.go:78.2,79.16 2 1
GoLang-Interns-2022/delivery/book/bookhttp.go:84.2,87.16 3 1
GoLang-Interns-2022/delivery/book/bookhttp.go:94.2,95.16 2 1
GoLang-Interns-2022/delivery/book/bookhttp.go:102.2,103.22 2 1
GoLang-Interns-2022/delivery/book/bookhttp.go:73.16,76.3 2 0
GoLang-Interns-2022/delivery/book/bookhttp.go:79.16,82.3 2 0
GoLang-Interns-2022/delivery/book/bookhttp.go:87.16,92.3 3 0
GoLang-Interns-2022/delivery/book/bookhttp.go:95.16,100.3 3 0
GoLang-Interns-2022/delivery/book/bookhttp.go:106.66,112.16 4 1
GoLang-Interns-2022/delivery/book/bookhttp.go:118.2,122.16 3 1
GoLang-Interns-2022/delivery/book/bookhttp.go:129.2,132.16 3 1
GoLang-Interns-2022/delivery/book/bookhttp.go:137.2,138.22 2 1
GoLang-Interns-2022/delivery/book/bookhttp.go:112.16,116.3 2 0
GoLang-Interns-2022/delivery/book/bookhttp.go:122.16,127.3 3 0
GoLang-Interns-2022/delivery/book/bookhttp.go:132.16,135.3 2 1
GoLang-Interns-2022/delivery/book/bookhttp.go:141.69,145.27 3 1
GoLang-Interns-2022/delivery/book/bookhttp.go:152.2,155.16 3 1
GoLang-Interns-2022/delivery/book/bookhttp.go:162.2,162.37 1 1
GoLang-Interns-2022/delivery/book/bookhttp.go:145.27,150.3 3 1
GoLang-Interns-2022/delivery/book/bookhttp.go:155.16,160.3 3 0
GoLang-Interns-2022/delivery/author/authorhttp.go:20.43,22.2 1 1
GoLang-Interns-2022/delivery/author/authorhttp.go:24.69,30.16 4 1
GoLang-Interns-2022/delivery/author/authorhttp.go:36.2,39.16 3 1
GoLang-Interns-2022/delivery/author/authorhttp.go:46.2,47.16 2 1
GoLang-Interns-2022/delivery/author/authorhttp.go:51.2,52.22 2 1
GoLang-Interns-2022/delivery/author/authorhttp.go:30.16,34.3 2 0
GoLang-Interns-2022/delivery/author/authorhttp.go:39.16,44.3 3 1
GoLang-Interns-2022/delivery/author/authorhttp.go:47.16,49.3 1 0
GoLang-Interns-2022/delivery/author/authorhttp.go:55.68,61.16 4 1
GoLang-Interns-2022/delivery/author/authorhttp.go:67.2,70.16 3 1
GoLang-Interns-2022/delivery/author/authorhttp.go:74.2,77.16 3 1
GoLang-Interns-2022/delivery/author/authorhttp.go:82.2,83.16 2 1
GoLang-Interns-2022/delivery/author/authorhttp.go:87.2,88.22 2 1
GoLang-Interns-2022/delivery/author/authorhttp.go:61.16,65.3 2 0
GoLang-Interns-2022/delivery/author/authorhttp.go:70.16,72.3 1 0
GoLang-Interns-2022/delivery/author/authorhttp.go:77.16,80.3 2 1
GoLang-Interns-2022/delivery/author/authorhttp.go:83.16,85.3 1 0
GoLang-Interns-2022/delivery/author/authorhttp.go:91.71,95.16 3 1
GoLang-Interns-2022/delivery/author/authorhttp.go:101.2,104.16 3 1
GoLang-Interns-2022/delivery/author/authorhttp.go:110.2,110.37 1 1
GoLang-Interns-2022/delivery/author/authorhttp.go:95.16,99.3 2 0
GoLang-Interns-2022/delivery/author/authorhttp.go:104.16,108.3 2 1
